<?xml version="1.0" encoding="UTF-8"?>
<coverage generated="1566477767079" clover="3.2.0">
  <project timestamp="1566477767079" name="All files">
    <metrics statements="11" coveredstatements="4" conditionals="0" coveredconditionals="0" methods="3" coveredmethods="0" elements="14" coveredelements="4" complexity="0" loc="11" ncloc="11" packages="1" files="1" classes="1"/>
    <file name="firebase.js" path="/Users/ismith1/Repositories/fantasy-notes/client/src/boot/firebase.js">
      <metrics statements="11" coveredstatements="4" conditionals="0" coveredconditionals="0" methods="3" coveredmethods="0"/>
      <line num="5" count="1" type="stmt"/>
      <line num="15" count="1" type="stmt"/>
      <line num="17" count="1" type="stmt"/>
      <line num="18" count="1" type="stmt"/>
      <line num="21" count="0" type="stmt"/>
      <line num="22" count="0" type="stmt"/>
      <line num="24" count="0" type="stmt"/>
      <line num="25" count="0" type="stmt"/>
      <line num="26" count="0" type="stmt"/>
      <line num="27" count="0" type="stmt"/>
      <line num="28" count="0" type="stmt"/>
    </file>
  </project>
</coverage>
