{"/Users/ismith1/Repositories/fantasy-notes/client/src/boot/firebase.js": {"path":"/Users/ismith1/Repositories/fantasy-notes/client/src/boot/firebase.js","statementMap":{"0":{"start":{"line":5,"column":22},"end":{"line":13,"column":1}},"1":{"start":{"line":15,"column":23},"end":{"line":15,"column":53}},"2":{"start":{"line":17,"column":20},"end":{"line":17,"column":34}},"3":{"start":{"line":18,"column":25},"end":{"line":18,"column":44}},"4":{"start":{"line":21,"column":2},"end":{"line":21,"column":29}},"5":{"start":{"line":22,"column":2},"end":{"line":22,"column":39}},"6":{"start":{"line":24,"column":2},"end":{"line":30,"column":5}},"7":{"start":{"line":25,"column":24},"end":{"line":29,"column":6}},"8":{"start":{"line":26,"column":6},"end":{"line":26,"column":45}},"9":{"start":{"line":27,"column":6},"end":{"line":27,"column":20}},"10":{"start":{"line":28,"column":6},"end":{"line":28,"column":16}}},"fnMap":{"0":{"name":"(anonymous_0)","decl":{"start":{"line":20,"column":15},"end":{"line":20,"column":16}},"loc":{"start":{"line":20,"column":41},"end":{"line":31,"column":1}},"line":20},"1":{"name":"(anonymous_1)","decl":{"start":{"line":24,"column":21},"end":{"line":24,"column":22}},"loc":{"start":{"line":24,"column":32},"end":{"line":30,"column":3}},"line":24},"2":{"name":"(anonymous_2)","decl":{"start":{"line":25,"column":48},"end":{"line":25,"column":49}},"loc":{"start":{"line":25,"column":56},"end":{"line":29,"column":5}},"line":25}},"branchMap":{},"s":{"0":1,"1":1,"2":1,"3":1,"4":1,"5":0,"6":0,"7":0,"8":0,"9":0,"10":0},"f":{"0":1,"1":0,"2":0},"b":{},"_coverageSchema":"43e27e138ebf9cfc5966b082cf9a028302ed4184","hash":"04724f1ded22262243870c5b01cf5f7be27772a6"}
,"/Users/ismith1/Repositories/fantasy-notes/client/src/boot/route-auth.js": {"path":"/Users/ismith1/Repositories/fantasy-notes/client/src/boot/route-auth.js","statementMap":{"0":{"start":{"line":2,"column":2},"end":{"line":18,"column":5}},"1":{"start":{"line":3,"column":23},"end":{"line":3,"column":74}},"2":{"start":{"line":3,"column":49},"end":{"line":3,"column":73}},"3":{"start":{"line":4,"column":30},"end":{"line":4,"column":71}},"4":{"start":{"line":6,"column":4},"end":{"line":17,"column":5}},"5":{"start":{"line":7,"column":6},"end":{"line":10,"column":9}},"6":{"start":{"line":11,"column":11},"end":{"line":17,"column":5}},"7":{"start":{"line":12,"column":6},"end":{"line":14,"column":9}},"8":{"start":{"line":16,"column":6},"end":{"line":16,"column":13}}},"fnMap":{"0":{"name":"(anonymous_0)","decl":{"start":{"line":1,"column":15},"end":{"line":1,"column":16}},"loc":{"start":{"line":1,"column":44},"end":{"line":19,"column":1}},"line":1},"1":{"name":"(anonymous_1)","decl":{"start":{"line":2,"column":20},"end":{"line":2,"column":21}},"loc":{"start":{"line":2,"column":40},"end":{"line":18,"column":3}},"line":2},"2":{"name":"(anonymous_2)","decl":{"start":{"line":3,"column":39},"end":{"line":3,"column":40}},"loc":{"start":{"line":3,"column":49},"end":{"line":3,"column":73}},"line":3}},"branchMap":{"0":{"loc":{"start":{"line":6,"column":4},"end":{"line":17,"column":5}},"type":"if","locations":[{"start":{"line":6,"column":4},"end":{"line":17,"column":5}},{"start":{"line":6,"column":4},"end":{"line":17,"column":5}}],"line":6},"1":{"loc":{"start":{"line":6,"column":8},"end":{"line":6,"column":44}},"type":"binary-expr","locations":[{"start":{"line":6,"column":8},"end":{"line":6,"column":20}},{"start":{"line":6,"column":24},"end":{"line":6,"column":44}}],"line":6},"2":{"loc":{"start":{"line":11,"column":11},"end":{"line":17,"column":5}},"type":"if","locations":[{"start":{"line":11,"column":11},"end":{"line":17,"column":5}},{"start":{"line":11,"column":11},"end":{"line":17,"column":5}}],"line":11},"3":{"loc":{"start":{"line":11,"column":15},"end":{"line":11,"column":57}},"type":"binary-expr","locations":[{"start":{"line":11,"column":15},"end":{"line":11,"column":34}},{"start":{"line":11,"column":38},"end":{"line":11,"column":57}}],"line":11}},"s":{"0":0,"1":0,"2":0,"3":0,"4":0,"5":0,"6":0,"7":0,"8":0},"f":{"0":0,"1":0,"2":0},"b":{"0":[0,0],"1":[0,0],"2":[0,0],"3":[0,0]},"hash":"2f49365d167f11d1afe78fd907981c87dc91d104"}
,"/Users/ismith1/Repositories/fantasy-notes/client/src/components/LoginFormButton.vue": {"path":"/Users/ismith1/Repositories/fantasy-notes/client/src/components/LoginFormButton.vue","statementMap":{"0":{"start":{"line":19,"column":0},"end":{"line":23,"column":null}},"1":{"start":{"line":20,"column":0},"end":{"line":20,"column":null}},"2":{"start":{"line":22,"column":0},"end":{"line":22,"column":null}},"3":{"start":{"line":29,"column":0},"end":{"line":29,"column":null}}},"fnMap":{"0":{"name":"stateTriggeredClasses","decl":{"start":{"line":18,"column":0},"end":{"line":18,"column":null}},"loc":{"start":{"line":18,"column":0},"end":{"line":24,"column":null}}},"1":{"name":"clickTrigger","decl":{"start":{"line":28,"column":0},"end":{"line":28,"column":null}},"loc":{"start":{"line":28,"column":0},"end":{"line":30,"column":null}}}},"branchMap":{"0":{"loc":{"start":{"line":19,"column":0},"end":{"line":23,"column":null}},"type":"if","locations":[{"start":{"line":19,"column":0},"end":{"line":23,"column":null}},{"start":{"line":19,"column":0},"end":{"line":23,"column":null}}]}},"s":{"0":0,"1":0,"2":0,"3":0},"f":{"0":0,"1":0},"b":{"0":[0,0]}}
,"/Users/ismith1/Repositories/fantasy-notes/client/src/layouts/MainLayout.vue": {"path":"/Users/ismith1/Repositories/fantasy-notes/client/src/layouts/MainLayout.vue","statementMap":{"0":{"start":{"line":23,"column":0},"end":{"line":23,"column":null}},"1":{"start":{"line":28,"column":0},"end":{"line":28,"column":null}},"2":{"start":{"line":29,"column":0},"end":{"line":29,"column":null}},"3":{"start":{"line":30,"column":0},"end":{"line":36,"column":null}},"4":{"start":{"line":34,"column":0},"end":{"line":34,"column":null}},"5":{"start":{"line":35,"column":0},"end":{"line":35,"column":null}}},"fnMap":{"0":{"name":"logout","decl":{"start":{"line":28,"column":0},"end":{"line":28,"column":null}},"loc":{"start":{"line":28,"column":0},"end":{"line":37,"column":null}}},"1":{"name":"(anonymous_2)","decl":{"start":{"line":30,"column":0},"end":{"line":30,"column":null}},"loc":{"start":{"line":30,"column":0},"end":{"line":36,"column":null}}}},"branchMap":{},"s":{"0":0,"1":0,"2":0,"3":0,"4":0,"5":0},"f":{"0":0,"1":0},"b":{}}
,"/Users/ismith1/Repositories/fantasy-notes/client/src/mixins/loading.js": {"path":"/Users/ismith1/Repositories/fantasy-notes/client/src/mixins/loading.js","statementMap":{"0":{"start":{"line":12,"column":25},"end":{"line":14,"column":21}},"1":{"start":{"line":16,"column":30},"end":{"line":21,"column":7}},"2":{"start":{"line":23,"column":26},"end":{"line":25,"column":8}},"3":{"start":{"line":27,"column":6},"end":{"line":27,"column":31}},"4":{"start":{"line":29,"column":18},"end":{"line":29,"column":19}},"5":{"start":{"line":30,"column":23},"end":{"line":41,"column":18}},"6":{"start":{"line":31,"column":8},"end":{"line":33,"column":9}},"7":{"start":{"line":32,"column":10},"end":{"line":32,"column":20}},"8":{"start":{"line":35,"column":25},"end":{"line":37,"column":27}},"9":{"start":{"line":39,"column":8},"end":{"line":39,"column":61}},"10":{"start":{"line":40,"column":8},"end":{"line":40,"column":16}},"11":{"start":{"line":44,"column":6},"end":{"line":46,"column":8}},"12":{"start":{"line":45,"column":8},"end":{"line":45,"column":32}}},"fnMap":{"0":{"name":"(anonymous_0)","decl":{"start":{"line":5,"column":4},"end":{"line":5,"column":5}},"loc":{"start":{"line":11,"column":7},"end":{"line":47,"column":5}},"line":11},"1":{"name":"(anonymous_1)","decl":{"start":{"line":30,"column":35},"end":{"line":30,"column":36}},"loc":{"start":{"line":30,"column":41},"end":{"line":41,"column":7}},"line":30},"2":{"name":"(anonymous_2)","decl":{"start":{"line":44,"column":13},"end":{"line":44,"column":14}},"loc":{"start":{"line":44,"column":19},"end":{"line":46,"column":7}},"line":44}},"branchMap":{"0":{"loc":{"start":{"line":6,"column":6},"end":{"line":6,"column":27}},"type":"default-arg","locations":[{"start":{"line":6,"column":25},"end":{"line":6,"column":27}}],"line":6},"1":{"loc":{"start":{"line":7,"column":6},"end":{"line":7,"column":39}},"type":"default-arg","locations":[{"start":{"line":7,"column":17},"end":{"line":7,"column":39}}],"line":7},"2":{"loc":{"start":{"line":8,"column":6},"end":{"line":8,"column":23}},"type":"default-arg","locations":[{"start":{"line":8,"column":18},"end":{"line":8,"column":23}}],"line":8},"3":{"loc":{"start":{"line":9,"column":6},"end":{"line":9,"column":21}},"type":"default-arg","locations":[{"start":{"line":9,"column":17},"end":{"line":9,"column":21}}],"line":9},"4":{"loc":{"start":{"line":10,"column":6},"end":{"line":10,"column":38}},"type":"default-arg","locations":[{"start":{"line":10,"column":18},"end":{"line":10,"column":38}}],"line":10},"5":{"loc":{"start":{"line":12,"column":25},"end":{"line":14,"column":21}},"type":"cond-expr","locations":[{"start":{"line":13,"column":10},"end":{"line":13,"column":63}},{"start":{"line":14,"column":10},"end":{"line":14,"column":21}}],"line":12},"6":{"loc":{"start":{"line":31,"column":8},"end":{"line":33,"column":9}},"type":"if","locations":[{"start":{"line":31,"column":8},"end":{"line":33,"column":9}},{"start":{"line":31,"column":8},"end":{"line":33,"column":9}}],"line":31},"7":{"loc":{"start":{"line":35,"column":25},"end":{"line":37,"column":27}},"type":"cond-expr","locations":[{"start":{"line":36,"column":12},"end":{"line":36,"column":65}},{"start":{"line":37,"column":12},"end":{"line":37,"column":27}}],"line":35}},"s":{"0":5,"1":5,"2":5,"3":5,"4":5,"5":5,"6":7,"7":3,"8":7,"9":7,"10":7,"11":5,"12":5},"f":{"0":5,"1":7,"2":5},"b":{"0":[1],"1":[1],"2":[5],"3":[2],"4":[0],"5":[0,5],"6":[3,4],"7":[0,7]},"_coverageSchema":"43e27e138ebf9cfc5966b082cf9a028302ed4184","hash":"ce425963b2caece158c27d40cb700f13c152d8f2"}
,"/Users/ismith1/Repositories/fantasy-notes/client/src/pages/auth/Login.vue": {"path":"/Users/ismith1/Repositories/fantasy-notes/client/src/pages/auth/Login.vue","statementMap":{"0":{"start":{"line":64,"column":0},"end":{"line":64,"column":null}},"1":{"start":{"line":65,"column":0},"end":{"line":65,"column":null}},"2":{"start":{"line":66,"column":0},"end":{"line":66,"column":null}},"3":{"start":{"line":67,"column":0},"end":{"line":67,"column":null}},"4":{"start":{"line":69,"column":0},"end":{"line":69,"column":null}},"5":{"start":{"line":71,"column":0},"end":{"line":71,"column":null}},"6":{"start":{"line":84,"column":0},"end":{"line":84,"column":null}},"7":{"start":{"line":97,"column":0},"end":{"line":97,"column":null}},"8":{"start":{"line":101,"column":0},"end":{"line":101,"column":null}},"9":{"start":{"line":107,"column":0},"end":{"line":107,"column":null}},"10":{"start":{"line":108,"column":0},"end":{"line":108,"column":null}},"11":{"start":{"line":116,"column":0},"end":{"line":120,"column":null}},"12":{"start":{"line":117,"column":0},"end":{"line":117,"column":null}},"13":{"start":{"line":119,"column":0},"end":{"line":119,"column":null}},"14":{"start":{"line":124,"column":0},"end":{"line":128,"column":null}},"15":{"start":{"line":125,"column":0},"end":{"line":125,"column":null}},"16":{"start":{"line":127,"column":0},"end":{"line":127,"column":null}},"17":{"start":{"line":131,"column":0},"end":{"line":131,"column":null}},"18":{"start":{"line":132,"column":0},"end":{"line":139,"column":null}},"19":{"start":{"line":134,"column":0},"end":{"line":134,"column":null}},"20":{"start":{"line":135,"column":0},"end":{"line":135,"column":null}},"21":{"start":{"line":138,"column":0},"end":{"line":138,"column":null}},"22":{"start":{"line":142,"column":0},"end":{"line":142,"column":null}},"23":{"start":{"line":143,"column":0},"end":{"line":143,"column":null}},"24":{"start":{"line":144,"column":0},"end":{"line":152,"column":null}},"25":{"start":{"line":146,"column":0},"end":{"line":146,"column":null}},"26":{"start":{"line":147,"column":0},"end":{"line":147,"column":null}},"27":{"start":{"line":150,"column":0},"end":{"line":150,"column":null}},"28":{"start":{"line":151,"column":0},"end":{"line":151,"column":null}},"29":{"start":{"line":157,"column":0},"end":{"line":157,"column":null}},"30":{"start":{"line":158,"column":0},"end":{"line":158,"column":null}},"31":{"start":{"line":159,"column":0},"end":{"line":159,"column":null}},"32":{"start":{"line":161,"column":0},"end":{"line":161,"column":null}},"33":{"start":{"line":168,"column":0},"end":{"line":170,"column":null}},"34":{"start":{"line":169,"column":0},"end":{"line":169,"column":null}},"35":{"start":{"line":171,"column":0},"end":{"line":171,"column":null}},"36":{"start":{"line":174,"column":0},"end":{"line":174,"column":null}},"37":{"start":{"line":181,"column":0},"end":{"line":181,"column":null}},"38":{"start":{"line":183,"column":0},"end":{"line":185,"column":null}},"39":{"start":{"line":184,"column":0},"end":{"line":184,"column":null}},"40":{"start":{"line":187,"column":0},"end":{"line":187,"column":null}}},"fnMap":{"0":{"name":"data","decl":{"start":{"line":83,"column":0},"end":{"line":83,"column":null}},"loc":{"start":{"line":83,"column":0},"end":{"line":93,"column":null}}},"1":{"name":"loginSelected","decl":{"start":{"line":96,"column":0},"end":{"line":96,"column":null}},"loc":{"start":{"line":96,"column":0},"end":{"line":98,"column":null}}},"2":{"name":"registerSelected","decl":{"start":{"line":100,"column":0},"end":{"line":100,"column":null}},"loc":{"start":{"line":100,"column":0},"end":{"line":102,"column":null}}},"3":{"name":"_authSuccessRedirect","decl":{"start":{"line":106,"column":0},"end":{"line":106,"column":null}},"loc":{"start":{"line":106,"column":0},"end":{"line":113,"column":null}}},"4":{"name":"loginEmailClick","decl":{"start":{"line":115,"column":0},"end":{"line":115,"column":null}},"loc":{"start":{"line":115,"column":0},"end":{"line":121,"column":null}}},"5":{"name":"registerEmailClick","decl":{"start":{"line":123,"column":0},"end":{"line":123,"column":null}},"loc":{"start":{"line":123,"column":0},"end":{"line":129,"column":null}}},"6":{"name":"loginEmail","decl":{"start":{"line":131,"column":0},"end":{"line":131,"column":null}},"loc":{"start":{"line":131,"column":0},"end":{"line":140,"column":null}}},"7":{"name":"(anonymous_8)","decl":{"start":{"line":132,"column":0},"end":{"line":132,"column":null}},"loc":{"start":{"line":132,"column":0},"end":{"line":136,"column":null}}},"8":{"name":"(anonymous_9)","decl":{"start":{"line":136,"column":0},"end":{"line":136,"column":null}},"loc":{"start":{"line":136,"column":0},"end":{"line":139,"column":null}}},"9":{"name":"registerEmail","decl":{"start":{"line":142,"column":0},"end":{"line":142,"column":null}},"loc":{"start":{"line":142,"column":0},"end":{"line":153,"column":null}}},"10":{"name":"(anonymous_11)","decl":{"start":{"line":144,"column":0},"end":{"line":144,"column":null}},"loc":{"start":{"line":144,"column":0},"end":{"line":148,"column":null}}},"11":{"name":"(anonymous_12)","decl":{"start":{"line":148,"column":0},"end":{"line":148,"column":null}},"loc":{"start":{"line":148,"column":0},"end":{"line":152,"column":null}}},"12":{"name":"mounted","decl":{"start":{"line":156,"column":0},"end":{"line":156,"column":null}},"loc":{"start":{"line":156,"column":0},"end":{"line":188,"column":null}}},"13":{"name":"signInSuccessWithAuthResult","decl":{"start":{"line":167,"column":0},"end":{"line":167,"column":null}},"loc":{"start":{"line":167,"column":0},"end":{"line":172,"column":null}}},"14":{"name":"(anonymous_15)","decl":{"start":{"line":168,"column":0},"end":{"line":168,"column":null}},"loc":{"start":{"line":168,"column":0},"end":{"line":170,"column":null}}},"15":{"name":"uiShown","decl":{"start":{"line":173,"column":0},"end":{"line":173,"column":null}},"loc":{"start":{"line":173,"column":0},"end":{"line":176,"column":null}}}},"branchMap":{"0":{"loc":{"start":{"line":108,"column":0},"end":{"line":108,"column":null}},"type":"cond-expr","locations":[{"start":{"line":108,"column":0},"end":{"line":108,"column":null}},{"start":{"line":108,"column":0},"end":{"line":108,"column":null}}]},"1":{"loc":{"start":{"line":116,"column":0},"end":{"line":120,"column":null}},"type":"if","locations":[{"start":{"line":116,"column":0},"end":{"line":120,"column":null}},{"start":{"line":116,"column":0},"end":{"line":120,"column":null}}]},"2":{"loc":{"start":{"line":124,"column":0},"end":{"line":128,"column":null}},"type":"if","locations":[{"start":{"line":124,"column":0},"end":{"line":128,"column":null}},{"start":{"line":124,"column":0},"end":{"line":128,"column":null}}]},"3":{"loc":{"start":{"line":169,"column":0},"end":{"line":169,"column":null}},"type":"cond-expr","locations":[{"start":{"line":169,"column":0},"end":{"line":169,"column":null}},{"start":{"line":169,"column":0},"end":{"line":169,"column":null}}]},"4":{"loc":{"start":{"line":183,"column":0},"end":{"line":185,"column":null}},"type":"if","locations":[{"start":{"line":183,"column":0},"end":{"line":185,"column":null}},{"start":{"line":183,"column":0},"end":{"line":185,"column":null}}]}},"s":{"0":0,"1":0,"2":0,"3":0,"4":0,"5":0,"6":0,"7":0,"8":0,"9":0,"10":0,"11":0,"12":0,"13":0,"14":0,"15":0,"16":0,"17":0,"18":0,"19":0,"20":0,"21":0,"22":0,"23":0,"24":0,"25":0,"26":0,"27":0,"28":0,"29":0,"30":0,"31":0,"32":0,"33":0,"34":0,"35":0,"36":0,"37":0,"38":0,"39":0,"40":0},"f":{"0":0,"1":0,"2":0,"3":0,"4":0,"5":0,"6":0,"7":0,"8":0,"9":0,"10":0,"11":0,"12":0,"13":0,"14":0,"15":0},"b":{"0":[0,0],"1":[0,0],"2":[0,0],"3":[0,0],"4":[0,0]}}
,"/Users/ismith1/Repositories/fantasy-notes/client/src/pages/story/NoteListWrapper.vue": {"path":"/Users/ismith1/Repositories/fantasy-notes/client/src/pages/story/NoteListWrapper.vue","statementMap":{"0":{"start":{"line":22,"column":0},"end":{"line":22,"column":null}}},"fnMap":{"0":{"name":"data","decl":{"start":{"line":21,"column":0},"end":{"line":21,"column":null}},"loc":{"start":{"line":21,"column":0},"end":{"line":25,"column":null}}}},"branchMap":{},"s":{"0":0},"f":{"0":0},"b":{}}
,"/Users/ismith1/Repositories/fantasy-notes/client/src/pages/story/StoryList.vue": {"path":"/Users/ismith1/Repositories/fantasy-notes/client/src/pages/story/StoryList.vue","statementMap":{"0":{"start":{"line":12,"column":0},"end":{"line":12,"column":null}}},"fnMap":{"0":{"name":"data","decl":{"start":{"line":11,"column":0},"end":{"line":11,"column":null}},"loc":{"start":{"line":11,"column":0},"end":{"line":15,"column":null}}},"1":{"name":"mounted","decl":{"start":{"line":17,"column":0},"end":{"line":17,"column":null}},"loc":{"start":{"line":17,"column":0},"end":{"line":17,"column":null}}}},"branchMap":{},"s":{"0":0},"f":{"0":0,"1":0},"b":{}}
,"/Users/ismith1/Repositories/fantasy-notes/client/src/router/index.js": {"path":"/Users/ismith1/Repositories/fantasy-notes/client/src/router/index.js","statementMap":{"0":{"start":{"line":6,"column":0},"end":{"line":6,"column":19}},"1":{"start":{"line":14,"column":17},"end":{"line":23,"column":4}},"2":{"start":{"line":15,"column":27},"end":{"line":15,"column":41}},"3":{"start":{"line":25,"column":2},"end":{"line":25,"column":16}}},"fnMap":{"0":{"name":"(anonymous_0)","decl":{"start":{"line":13,"column":15},"end":{"line":13,"column":16}},"loc":{"start":{"line":13,"column":53},"end":{"line":26,"column":1}},"line":13},"1":{"name":"(anonymous_1)","decl":{"start":{"line":15,"column":20},"end":{"line":15,"column":21}},"loc":{"start":{"line":15,"column":27},"end":{"line":15,"column":41}},"line":15}},"branchMap":{},"s":{"0":0,"1":0,"2":0,"3":0},"f":{"0":0,"1":0},"b":{},"hash":"c462b02061091ccdc9cea2e3d8c914ba86ad73bd"}
,"/Users/ismith1/Repositories/fantasy-notes/client/src/router/routes.js": {"path":"/Users/ismith1/Repositories/fantasy-notes/client/src/router/routes.js","statementMap":{"0":{"start":{"line":1,"column":15},"end":{"line":53,"column":1}},"1":{"start":{"line":4,"column":21},"end":{"line":4,"column":53}},"2":{"start":{"line":13,"column":25},"end":{"line":13,"column":51}},"3":{"start":{"line":21,"column":25},"end":{"line":21,"column":56}},"4":{"start":{"line":28,"column":25},"end":{"line":28,"column":62}},"5":{"start":{"line":35,"column":29},"end":{"line":35,"column":63}},"6":{"start":{"line":39,"column":29},"end":{"line":39,"column":60}},"7":{"start":{"line":43,"column":29},"end":{"line":43,"column":61}},"8":{"start":{"line":47,"column":29},"end":{"line":47,"column":60}},"9":{"start":{"line":56,"column":0},"end":{"line":61,"column":1}},"10":{"start":{"line":57,"column":2},"end":{"line":60,"column":5}},"11":{"start":{"line":59,"column":21},"end":{"line":59,"column":49}}},"fnMap":{"0":{"name":"(anonymous_0)","decl":{"start":{"line":4,"column":15},"end":{"line":4,"column":16}},"loc":{"start":{"line":4,"column":21},"end":{"line":4,"column":53}},"line":4},"1":{"name":"(anonymous_1)","decl":{"start":{"line":13,"column":19},"end":{"line":13,"column":20}},"loc":{"start":{"line":13,"column":25},"end":{"line":13,"column":51}},"line":13},"2":{"name":"(anonymous_2)","decl":{"start":{"line":21,"column":19},"end":{"line":21,"column":20}},"loc":{"start":{"line":21,"column":25},"end":{"line":21,"column":56}},"line":21},"3":{"name":"(anonymous_3)","decl":{"start":{"line":28,"column":19},"end":{"line":28,"column":20}},"loc":{"start":{"line":28,"column":25},"end":{"line":28,"column":62}},"line":28},"4":{"name":"(anonymous_4)","decl":{"start":{"line":35,"column":23},"end":{"line":35,"column":24}},"loc":{"start":{"line":35,"column":29},"end":{"line":35,"column":63}},"line":35},"5":{"name":"(anonymous_5)","decl":{"start":{"line":39,"column":23},"end":{"line":39,"column":24}},"loc":{"start":{"line":39,"column":29},"end":{"line":39,"column":60}},"line":39},"6":{"name":"(anonymous_6)","decl":{"start":{"line":43,"column":23},"end":{"line":43,"column":24}},"loc":{"start":{"line":43,"column":29},"end":{"line":43,"column":61}},"line":43},"7":{"name":"(anonymous_7)","decl":{"start":{"line":47,"column":23},"end":{"line":47,"column":24}},"loc":{"start":{"line":47,"column":29},"end":{"line":47,"column":60}},"line":47},"8":{"name":"(anonymous_8)","decl":{"start":{"line":59,"column":15},"end":{"line":59,"column":16}},"loc":{"start":{"line":59,"column":21},"end":{"line":59,"column":49}},"line":59}},"branchMap":{"0":{"loc":{"start":{"line":56,"column":0},"end":{"line":61,"column":1}},"type":"if","locations":[{"start":{"line":56,"column":0},"end":{"line":61,"column":1}},{"start":{"line":56,"column":0},"end":{"line":61,"column":1}}],"line":56}},"s":{"0":0,"1":0,"2":0,"3":0,"4":0,"5":0,"6":0,"7":0,"8":0,"9":0,"10":0,"11":0},"f":{"0":0,"1":0,"2":0,"3":0,"4":0,"5":0,"6":0,"7":0,"8":0},"b":{"0":[0,0]},"hash":"20c676345e8e5ec54c472875f0b3cd6af47834c4"}
,"/Users/ismith1/Repositories/fantasy-notes/client/src/store/index.js": {"path":"/Users/ismith1/Repositories/fantasy-notes/client/src/store/index.js","statementMap":{"0":{"start":{"line":7,"column":0},"end":{"line":7,"column":14}},"1":{"start":{"line":10,"column":16},"end":{"line":17,"column":4}},"2":{"start":{"line":19,"column":2},"end":{"line":19,"column":15}}},"fnMap":{"0":{"name":"(anonymous_0)","decl":{"start":{"line":9,"column":15},"end":{"line":9,"column":16}},"loc":{"start":{"line":9,"column":26},"end":{"line":20,"column":1}},"line":9}},"branchMap":{},"s":{"0":0,"1":0,"2":0},"f":{"0":0},"b":{},"hash":"0c2754bf9da3fbc1e8c5ed27425c643ef0c602db"}
,"/Users/ismith1/Repositories/fantasy-notes/client/src/store/story/actions.js": {"path":"/Users/ismith1/Repositories/fantasy-notes/client/src/store/story/actions.js","statementMap":{"0":{"start":{"line":4,"column":17},"end":{"line":4,"column":38}},"1":{"start":{"line":5,"column":2},"end":{"line":5,"column":44}}},"fnMap":{"0":{"name":"loadStories","decl":{"start":{"line":3,"column":16},"end":{"line":3,"column":27}},"loc":{"start":{"line":3,"column":43},"end":{"line":6,"column":1}},"line":3}},"branchMap":{},"s":{"0":0,"1":0},"f":{"0":0},"b":{},"hash":"599a4bb033937ab28ff556443e35c033360ff659"}
,"/Users/ismith1/Repositories/fantasy-notes/client/src/store/story/getters.js": {"path":"/Users/ismith1/Repositories/fantasy-notes/client/src/store/story/getters.js","statementMap":{"0":{"start":{"line":2,"column":2},"end":{"line":2,"column":25}}},"fnMap":{"0":{"name":"profileId","decl":{"start":{"line":1,"column":16},"end":{"line":1,"column":25}},"loc":{"start":{"line":1,"column":33},"end":{"line":3,"column":1}},"line":1}},"branchMap":{},"s":{"0":0},"f":{"0":0},"b":{},"hash":"9bd30029a9ffd5778311c7ebfe0a82f49ff1364c"}
,"/Users/ismith1/Repositories/fantasy-notes/client/src/store/story/index.js": {"path":"/Users/ismith1/Repositories/fantasy-notes/client/src/store/story/index.js","statementMap":{},"fnMap":{},"branchMap":{},"s":{},"f":{},"b":{},"hash":"af1cac5a669faf27b71b6fc4af1f191168f0a5ad"}
,"/Users/ismith1/Repositories/fantasy-notes/client/src/store/story/mutations.js": {"path":"/Users/ismith1/Repositories/fantasy-notes/client/src/store/story/mutations.js","statementMap":{"0":{"start":{"line":2,"column":2},"end":{"line":2,"column":23}}},"fnMap":{"0":{"name":"setProfileId","decl":{"start":{"line":1,"column":16},"end":{"line":1,"column":28}},"loc":{"start":{"line":1,"column":40},"end":{"line":3,"column":1}},"line":1}},"branchMap":{},"s":{"0":0},"f":{"0":0},"b":{},"hash":"0e8e69e6bf76a784bc1dad62049d372ce210cc61"}
,"/Users/ismith1/Repositories/fantasy-notes/client/src/store/story/state.js": {"path":"/Users/ismith1/Repositories/fantasy-notes/client/src/store/story/state.js","statementMap":{},"fnMap":{},"branchMap":{},"s":{},"f":{},"b":{},"hash":"8016b586c27894d0ce08d82c66070f5493cb7d8a"}
,"/Users/ismith1/Repositories/fantasy-notes/client/src/store/user/actions.js": {"path":"/Users/ismith1/Repositories/fantasy-notes/client/src/store/user/actions.js","statementMap":{"0":{"start":{"line":10,"column":17},"end":{"line":10,"column":46}},"1":{"start":{"line":11,"column":2},"end":{"line":11,"column":30}},"2":{"start":{"line":12,"column":2},"end":{"line":41,"column":7}},"3":{"start":{"line":16,"column":6},"end":{"line":33,"column":7}},"4":{"start":{"line":17,"column":8},"end":{"line":17,"column":26}},"5":{"start":{"line":19,"column":28},"end":{"line":22,"column":9}},"6":{"start":{"line":24,"column":8},"end":{"line":32,"column":13}},"7":{"start":{"line":28,"column":12},"end":{"line":28,"column":31}},"8":{"start":{"line":31,"column":12},"end":{"line":31,"column":74}},"9":{"start":{"line":37,"column":6},"end":{"line":37,"column":41}},"10":{"start":{"line":40,"column":6},"end":{"line":40,"column":58}},"11":{"start":{"line":49,"column":2},"end":{"line":49,"column":30}},"12":{"start":{"line":50,"column":2},"end":{"line":50,"column":31}}},"fnMap":{"0":{"name":"loginUser","decl":{"start":{"line":9,"column":16},"end":{"line":9,"column":25}},"loc":{"start":{"line":9,"column":44},"end":{"line":42,"column":1}},"line":9},"1":{"name":"(anonymous_1)","decl":{"start":{"line":15,"column":10},"end":{"line":15,"column":11}},"loc":{"start":{"line":15,"column":17},"end":{"line":34,"column":5}},"line":15},"2":{"name":"(anonymous_2)","decl":{"start":{"line":27,"column":16},"end":{"line":27,"column":17}},"loc":{"start":{"line":27,"column":22},"end":{"line":29,"column":11}},"line":27},"3":{"name":"(anonymous_3)","decl":{"start":{"line":30,"column":17},"end":{"line":30,"column":18}},"loc":{"start":{"line":30,"column":24},"end":{"line":32,"column":11}},"line":30},"4":{"name":"(anonymous_4)","decl":{"start":{"line":35,"column":10},"end":{"line":35,"column":11}},"loc":{"start":{"line":35,"column":22},"end":{"line":38,"column":5}},"line":35},"5":{"name":"(anonymous_5)","decl":{"start":{"line":39,"column":11},"end":{"line":39,"column":12}},"loc":{"start":{"line":39,"column":18},"end":{"line":41,"column":5}},"line":39},"6":{"name":"logoutUser","decl":{"start":{"line":48,"column":16},"end":{"line":48,"column":26}},"loc":{"start":{"line":48,"column":39},"end":{"line":51,"column":1}},"line":48}},"branchMap":{"0":{"loc":{"start":{"line":16,"column":6},"end":{"line":33,"column":7}},"type":"if","locations":[{"start":{"line":16,"column":6},"end":{"line":33,"column":7}},{"start":{"line":16,"column":6},"end":{"line":33,"column":7}}],"line":16}},"s":{"0":0,"1":0,"2":0,"3":0,"4":0,"5":0,"6":0,"7":0,"8":0,"9":0,"10":0,"11":0,"12":0},"f":{"0":0,"1":0,"2":0,"3":0,"4":0,"5":0,"6":0},"b":{"0":[0,0]},"hash":"50e335786263a49f441e39bb514e0c4b07f55e43"}
,"/Users/ismith1/Repositories/fantasy-notes/client/src/store/user/getters.js": {"path":"/Users/ismith1/Repositories/fantasy-notes/client/src/store/user/getters.js","statementMap":{"0":{"start":{"line":2,"column":2},"end":{"line":2,"column":35}}},"fnMap":{"0":{"name":"isUserAuthenticated","decl":{"start":{"line":1,"column":16},"end":{"line":1,"column":35}},"loc":{"start":{"line":1,"column":43},"end":{"line":3,"column":1}},"line":1}},"branchMap":{},"s":{"0":0},"f":{"0":0},"b":{},"hash":"262801ab99cef86e90b0a75c64127be56edef513"}
,"/Users/ismith1/Repositories/fantasy-notes/client/src/store/user/index.js": {"path":"/Users/ismith1/Repositories/fantasy-notes/client/src/store/user/index.js","statementMap":{},"fnMap":{},"branchMap":{},"s":{},"f":{},"b":{},"hash":"e27ddae22722d45571d9823ed559c72e3cc5c305"}
,"/Users/ismith1/Repositories/fantasy-notes/client/src/store/user/mutations.js": {"path":"/Users/ismith1/Repositories/fantasy-notes/client/src/store/user/mutations.js","statementMap":{"0":{"start":{"line":2,"column":2},"end":{"line":2,"column":37}},"1":{"start":{"line":3,"column":2},"end":{"line":3,"column":40}},"2":{"start":{"line":7,"column":2},"end":{"line":7,"column":44}},"3":{"start":{"line":8,"column":2},"end":{"line":8,"column":42}}},"fnMap":{"0":{"name":"setUserAuth","decl":{"start":{"line":1,"column":16},"end":{"line":1,"column":27}},"loc":{"start":{"line":1,"column":41},"end":{"line":4,"column":1}},"line":1},"1":{"name":"setUserStories","decl":{"start":{"line":6,"column":16},"end":{"line":6,"column":30}},"loc":{"start":{"line":6,"column":47},"end":{"line":9,"column":1}},"line":6}},"branchMap":{"0":{"loc":{"start":{"line":3,"column":17},"end":{"line":3,"column":39}},"type":"cond-expr","locations":[{"start":{"line":3,"column":24},"end":{"line":3,"column":32}},{"start":{"line":3,"column":35},"end":{"line":3,"column":39}}],"line":3}},"s":{"0":0,"1":0,"2":0,"3":0},"f":{"0":0,"1":0},"b":{"0":[0,0]},"hash":"9ad96a9b63034e70d8610c69ebfd1bc47a153e67"}
,"/Users/ismith1/Repositories/fantasy-notes/client/src/store/user/state.js": {"path":"/Users/ismith1/Repositories/fantasy-notes/client/src/store/user/state.js","statementMap":{},"fnMap":{},"branchMap":{},"s":{},"f":{},"b":{},"hash":"de526df1c431fddc8e60e200d73a5a183870fb05"}
}
