{"/Users/ismith1/Repositories/fantasy-notes/client/src/boot/firebase.js": {"path":"/Users/ismith1/Repositories/fantasy-notes/client/src/boot/firebase.js","statementMap":{"0":{"start":{"line":5,"column":22},"end":{"line":13,"column":1}},"1":{"start":{"line":15,"column":23},"end":{"line":15,"column":53}},"2":{"start":{"line":17,"column":20},"end":{"line":17,"column":34}},"3":{"start":{"line":18,"column":25},"end":{"line":18,"column":44}},"4":{"start":{"line":21,"column":2},"end":{"line":21,"column":29}},"5":{"start":{"line":22,"column":2},"end":{"line":22,"column":39}},"6":{"start":{"line":24,"column":2},"end":{"line":32,"column":5}},"7":{"start":{"line":25,"column":24},"end":{"line":31,"column":8}},"8":{"start":{"line":28,"column":8},"end":{"line":28,"column":47}},"9":{"start":{"line":29,"column":8},"end":{"line":29,"column":22}},"10":{"start":{"line":30,"column":8},"end":{"line":30,"column":18}}},"fnMap":{"0":{"name":"(anonymous_0)","decl":{"start":{"line":20,"column":15},"end":{"line":20,"column":16}},"loc":{"start":{"line":20,"column":41},"end":{"line":33,"column":1}},"line":20},"1":{"name":"(anonymous_1)","decl":{"start":{"line":24,"column":21},"end":{"line":24,"column":22}},"loc":{"start":{"line":24,"column":32},"end":{"line":32,"column":3}},"line":24},"2":{"name":"(anonymous_2)","decl":{"start":{"line":27,"column":26},"end":{"line":27,"column":27}},"loc":{"start":{"line":27,"column":47},"end":{"line":31,"column":7}},"line":27}},"branchMap":{},"s":{"0":0,"1":0,"2":0,"3":0,"4":0,"5":0,"6":0,"7":0,"8":0,"9":0,"10":0},"f":{"0":0,"1":0,"2":0},"b":{},"hash":"cc80378cecd23c150be82cbbecbc18271b9a7544"}
,"/Users/ismith1/Repositories/fantasy-notes/client/src/mixins/loading.js": {"path":"/Users/ismith1/Repositories/fantasy-notes/client/src/mixins/loading.js","statementMap":{"0":{"start":{"line":12,"column":25},"end":{"line":14,"column":21}},"1":{"start":{"line":16,"column":30},"end":{"line":21,"column":7}},"2":{"start":{"line":23,"column":26},"end":{"line":25,"column":8}},"3":{"start":{"line":27,"column":6},"end":{"line":27,"column":31}},"4":{"start":{"line":29,"column":18},"end":{"line":29,"column":19}},"5":{"start":{"line":30,"column":23},"end":{"line":41,"column":18}},"6":{"start":{"line":31,"column":8},"end":{"line":33,"column":9}},"7":{"start":{"line":32,"column":10},"end":{"line":32,"column":20}},"8":{"start":{"line":35,"column":25},"end":{"line":37,"column":27}},"9":{"start":{"line":39,"column":8},"end":{"line":39,"column":61}},"10":{"start":{"line":40,"column":8},"end":{"line":40,"column":16}},"11":{"start":{"line":44,"column":6},"end":{"line":46,"column":8}},"12":{"start":{"line":45,"column":8},"end":{"line":45,"column":32}}},"fnMap":{"0":{"name":"(anonymous_0)","decl":{"start":{"line":5,"column":4},"end":{"line":5,"column":5}},"loc":{"start":{"line":11,"column":7},"end":{"line":47,"column":5}},"line":11},"1":{"name":"(anonymous_1)","decl":{"start":{"line":30,"column":35},"end":{"line":30,"column":36}},"loc":{"start":{"line":30,"column":41},"end":{"line":41,"column":7}},"line":30},"2":{"name":"(anonymous_2)","decl":{"start":{"line":44,"column":13},"end":{"line":44,"column":14}},"loc":{"start":{"line":44,"column":19},"end":{"line":46,"column":7}},"line":44}},"branchMap":{"0":{"loc":{"start":{"line":6,"column":6},"end":{"line":6,"column":27}},"type":"default-arg","locations":[{"start":{"line":6,"column":25},"end":{"line":6,"column":27}}],"line":6},"1":{"loc":{"start":{"line":7,"column":6},"end":{"line":7,"column":39}},"type":"default-arg","locations":[{"start":{"line":7,"column":17},"end":{"line":7,"column":39}}],"line":7},"2":{"loc":{"start":{"line":8,"column":6},"end":{"line":8,"column":23}},"type":"default-arg","locations":[{"start":{"line":8,"column":18},"end":{"line":8,"column":23}}],"line":8},"3":{"loc":{"start":{"line":9,"column":6},"end":{"line":9,"column":21}},"type":"default-arg","locations":[{"start":{"line":9,"column":17},"end":{"line":9,"column":21}}],"line":9},"4":{"loc":{"start":{"line":10,"column":6},"end":{"line":10,"column":38}},"type":"default-arg","locations":[{"start":{"line":10,"column":18},"end":{"line":10,"column":38}}],"line":10},"5":{"loc":{"start":{"line":12,"column":25},"end":{"line":14,"column":21}},"type":"cond-expr","locations":[{"start":{"line":13,"column":10},"end":{"line":13,"column":63}},{"start":{"line":14,"column":10},"end":{"line":14,"column":21}}],"line":12},"6":{"loc":{"start":{"line":31,"column":8},"end":{"line":33,"column":9}},"type":"if","locations":[{"start":{"line":31,"column":8},"end":{"line":33,"column":9}},{"start":{"line":31,"column":8},"end":{"line":33,"column":9}}],"line":31},"7":{"loc":{"start":{"line":35,"column":25},"end":{"line":37,"column":27}},"type":"cond-expr","locations":[{"start":{"line":36,"column":12},"end":{"line":36,"column":65}},{"start":{"line":37,"column":12},"end":{"line":37,"column":27}}],"line":35}},"s":{"0":5,"1":5,"2":5,"3":5,"4":5,"5":5,"6":7,"7":3,"8":7,"9":7,"10":7,"11":5,"12":5},"f":{"0":5,"1":7,"2":5},"b":{"0":[1],"1":[1],"2":[5],"3":[2],"4":[0],"5":[0,5],"6":[3,4],"7":[0,7]},"_coverageSchema":"43e27e138ebf9cfc5966b082cf9a028302ed4184","hash":"ce425963b2caece158c27d40cb700f13c152d8f2"}
,"/Users/ismith1/Repositories/fantasy-notes/client/src/store/user/actions.js": {"path":"/Users/ismith1/Repositories/fantasy-notes/client/src/store/user/actions.js","statementMap":{"0":{"start":{"line":10,"column":17},"end":{"line":10,"column":46}},"1":{"start":{"line":11,"column":2},"end":{"line":11,"column":30}},"2":{"start":{"line":12,"column":2},"end":{"line":41,"column":7}},"3":{"start":{"line":16,"column":6},"end":{"line":33,"column":7}},"4":{"start":{"line":17,"column":8},"end":{"line":17,"column":26}},"5":{"start":{"line":19,"column":28},"end":{"line":22,"column":9}},"6":{"start":{"line":24,"column":8},"end":{"line":32,"column":13}},"7":{"start":{"line":28,"column":12},"end":{"line":28,"column":31}},"8":{"start":{"line":31,"column":12},"end":{"line":31,"column":74}},"9":{"start":{"line":37,"column":6},"end":{"line":37,"column":41}},"10":{"start":{"line":40,"column":6},"end":{"line":40,"column":58}},"11":{"start":{"line":49,"column":2},"end":{"line":49,"column":30}},"12":{"start":{"line":50,"column":2},"end":{"line":50,"column":31}}},"fnMap":{"0":{"name":"loginUser","decl":{"start":{"line":9,"column":16},"end":{"line":9,"column":25}},"loc":{"start":{"line":9,"column":44},"end":{"line":42,"column":1}},"line":9},"1":{"name":"(anonymous_1)","decl":{"start":{"line":15,"column":10},"end":{"line":15,"column":11}},"loc":{"start":{"line":15,"column":17},"end":{"line":34,"column":5}},"line":15},"2":{"name":"(anonymous_2)","decl":{"start":{"line":27,"column":16},"end":{"line":27,"column":17}},"loc":{"start":{"line":27,"column":22},"end":{"line":29,"column":11}},"line":27},"3":{"name":"(anonymous_3)","decl":{"start":{"line":30,"column":17},"end":{"line":30,"column":18}},"loc":{"start":{"line":30,"column":24},"end":{"line":32,"column":11}},"line":30},"4":{"name":"(anonymous_4)","decl":{"start":{"line":35,"column":10},"end":{"line":35,"column":11}},"loc":{"start":{"line":35,"column":22},"end":{"line":38,"column":5}},"line":35},"5":{"name":"(anonymous_5)","decl":{"start":{"line":39,"column":11},"end":{"line":39,"column":12}},"loc":{"start":{"line":39,"column":18},"end":{"line":41,"column":5}},"line":39},"6":{"name":"logoutUser","decl":{"start":{"line":48,"column":16},"end":{"line":48,"column":26}},"loc":{"start":{"line":48,"column":39},"end":{"line":51,"column":1}},"line":48}},"branchMap":{"0":{"loc":{"start":{"line":16,"column":6},"end":{"line":33,"column":7}},"type":"if","locations":[{"start":{"line":16,"column":6},"end":{"line":33,"column":7}},{"start":{"line":16,"column":6},"end":{"line":33,"column":7}}],"line":16}},"s":{"0":0,"1":0,"2":0,"3":0,"4":0,"5":0,"6":0,"7":0,"8":0,"9":0,"10":0,"11":0,"12":0},"f":{"0":0,"1":0,"2":0,"3":0,"4":0,"5":0,"6":0},"b":{"0":[0,0]},"hash":"50e335786263a49f441e39bb514e0c4b07f55e43"}
,"/Users/ismith1/Repositories/fantasy-notes/client/src/store/user/mutations.js": {"path":"/Users/ismith1/Repositories/fantasy-notes/client/src/store/user/mutations.js","statementMap":{"0":{"start":{"line":2,"column":2},"end":{"line":2,"column":37}},"1":{"start":{"line":3,"column":2},"end":{"line":3,"column":40}},"2":{"start":{"line":7,"column":2},"end":{"line":7,"column":44}},"3":{"start":{"line":8,"column":2},"end":{"line":8,"column":42}}},"fnMap":{"0":{"name":"setUserAuth","decl":{"start":{"line":1,"column":16},"end":{"line":1,"column":27}},"loc":{"start":{"line":1,"column":41},"end":{"line":4,"column":1}},"line":1},"1":{"name":"setUserStories","decl":{"start":{"line":6,"column":16},"end":{"line":6,"column":30}},"loc":{"start":{"line":6,"column":47},"end":{"line":9,"column":1}},"line":6}},"branchMap":{"0":{"loc":{"start":{"line":3,"column":17},"end":{"line":3,"column":39}},"type":"cond-expr","locations":[{"start":{"line":3,"column":24},"end":{"line":3,"column":32}},{"start":{"line":3,"column":35},"end":{"line":3,"column":39}}],"line":3}},"s":{"0":0,"1":0,"2":0,"3":0},"f":{"0":0,"1":0},"b":{"0":[0,0]},"hash":"9ad96a9b63034e70d8610c69ebfd1bc47a153e67"}
,"/Users/ismith1/Repositories/fantasy-notes/client/src/store/user/state.js": {"path":"/Users/ismith1/Repositories/fantasy-notes/client/src/store/user/state.js","statementMap":{},"fnMap":{},"branchMap":{},"s":{},"f":{},"b":{},"hash":"de526df1c431fddc8e60e200d73a5a183870fb05"}
}
