TN:
SF:/Users/ismith1/Repositories/fantasy-notes/client/src/boot/firebase.js
FN:20,(anonymous_0)
FN:24,(anonymous_1)
FN:25,(anonymous_2)
FNF:3
FNH:1
FNDA:1,(anonymous_0)
FNDA:0,(anonymous_1)
FNDA:0,(anonymous_2)
DA:5,1
DA:15,1
DA:17,1
DA:18,1
DA:21,1
DA:22,0
DA:24,0
DA:25,0
DA:26,0
DA:27,0
DA:28,0
LF:11
LH:5
BRF:0
BRH:0
end_of_record
TN:
SF:/Users/ismith1/Repositories/fantasy-notes/client/src/boot/route-auth.js
FN:1,(anonymous_0)
FN:2,(anonymous_1)
FN:3,(anonymous_2)
FNF:3
FNH:0
FNDA:0,(anonymous_0)
FNDA:0,(anonymous_1)
FNDA:0,(anonymous_2)
DA:2,0
DA:3,0
DA:4,0
DA:6,0
DA:7,0
DA:11,0
DA:12,0
DA:16,0
LF:8
LH:0
BRDA:6,0,0,0
BRDA:6,0,1,0
BRDA:6,1,0,0
BRDA:6,1,1,0
BRDA:11,2,0,0
BRDA:11,2,1,0
BRDA:11,3,0,0
BRDA:11,3,1,0
BRF:8
BRH:0
end_of_record
TN:
SF:/Users/ismith1/Repositories/fantasy-notes/client/src/components/LoginFormButton.vue
FN:18,stateTriggeredClasses
FN:28,clickTrigger
FNF:2
FNH:0
FNDA:0,stateTriggeredClasses
FNDA:0,clickTrigger
DA:19,0
DA:20,0
DA:22,0
DA:29,0
LF:4
LH:0
BRDA:19,0,0,0
BRDA:19,0,1,0
BRF:2
BRH:0
end_of_record
TN:
SF:/Users/ismith1/Repositories/fantasy-notes/client/src/layouts/MainLayout.vue
FN:28,logout
FN:30,(anonymous_2)
FNF:2
FNH:0
FNDA:0,logout
FNDA:0,(anonymous_2)
DA:23,0
DA:28,0
DA:29,0
DA:30,0
DA:34,0
DA:35,0
LF:6
LH:0
BRF:0
BRH:0
end_of_record
TN:
SF:/Users/ismith1/Repositories/fantasy-notes/client/src/mixins/loading.js
FN:5,(anonymous_0)
FN:30,(anonymous_1)
FN:44,(anonymous_2)
FNF:3
FNH:3
FNDA:5,(anonymous_0)
FNDA:7,(anonymous_1)
FNDA:5,(anonymous_2)
DA:12,5
DA:16,5
DA:23,5
DA:27,5
DA:29,5
DA:30,5
DA:31,7
DA:32,3
DA:35,7
DA:39,7
DA:40,7
DA:44,5
DA:45,5
LF:13
LH:13
BRDA:6,0,0,1
BRDA:7,1,0,1
BRDA:8,2,0,5
BRDA:9,3,0,2
BRDA:10,4,0,0
BRDA:12,5,0,0
BRDA:12,5,1,5
BRDA:31,6,0,3
BRDA:31,6,1,4
BRDA:35,7,0,0
BRDA:35,7,1,7
BRF:11
BRH:8
end_of_record
TN:
SF:/Users/ismith1/Repositories/fantasy-notes/client/src/pages/auth/Login.vue
FN:83,data
FN:96,loginSelected
FN:100,registerSelected
FN:106,_authSuccessRedirect
FN:115,loginEmailClick
FN:123,registerEmailClick
FN:131,loginEmail
FN:132,(anonymous_8)
FN:136,(anonymous_9)
FN:142,registerEmail
FN:144,(anonymous_11)
FN:148,(anonymous_12)
FN:156,mounted
FN:167,signInSuccessWithAuthResult
FN:168,(anonymous_15)
FN:173,uiShown
FNF:16
FNH:0
FNDA:0,data
FNDA:0,loginSelected
FNDA:0,registerSelected
FNDA:0,_authSuccessRedirect
FNDA:0,loginEmailClick
FNDA:0,registerEmailClick
FNDA:0,loginEmail
FNDA:0,(anonymous_8)
FNDA:0,(anonymous_9)
FNDA:0,registerEmail
FNDA:0,(anonymous_11)
FNDA:0,(anonymous_12)
FNDA:0,mounted
FNDA:0,signInSuccessWithAuthResult
FNDA:0,(anonymous_15)
FNDA:0,uiShown
DA:64,0
DA:65,0
DA:66,0
DA:67,0
DA:69,0
DA:71,0
DA:84,0
DA:97,0
DA:101,0
DA:107,0
DA:108,0
DA:116,0
DA:117,0
DA:119,0
DA:124,0
DA:125,0
DA:127,0
DA:131,0
DA:132,0
DA:134,0
DA:135,0
DA:138,0
DA:142,0
DA:143,0
DA:144,0
DA:146,0
DA:147,0
DA:150,0
DA:151,0
DA:157,0
DA:158,0
DA:159,0
DA:161,0
DA:168,0
DA:169,0
DA:171,0
DA:174,0
DA:181,0
DA:183,0
DA:184,0
DA:187,0
LF:41
LH:0
BRDA:108,0,0,0
BRDA:108,0,1,0
BRDA:116,1,0,0
BRDA:116,1,1,0
BRDA:124,2,0,0
BRDA:124,2,1,0
BRDA:169,3,0,0
BRDA:169,3,1,0
BRDA:183,4,0,0
BRDA:183,4,1,0
BRF:10
BRH:0
end_of_record
TN:
SF:/Users/ismith1/Repositories/fantasy-notes/client/src/pages/story/NoteListWrapper.vue
FN:21,data
FNF:1
FNH:0
FNDA:0,data
DA:22,0
LF:1
LH:0
BRF:0
BRH:0
end_of_record
TN:
SF:/Users/ismith1/Repositories/fantasy-notes/client/src/pages/story/StoryList.vue
FN:11,data
FN:17,mounted
FNF:2
FNH:0
FNDA:0,data
FNDA:0,mounted
DA:12,0
LF:1
LH:0
BRF:0
BRH:0
end_of_record
TN:
SF:/Users/ismith1/Repositories/fantasy-notes/client/src/router/index.js
FN:13,(anonymous_0)
FN:15,(anonymous_1)
FNF:2
FNH:0
FNDA:0,(anonymous_0)
FNDA:0,(anonymous_1)
DA:6,0
DA:14,0
DA:15,0
DA:25,0
LF:4
LH:0
BRF:0
BRH:0
end_of_record
TN:
SF:/Users/ismith1/Repositories/fantasy-notes/client/src/router/routes.js
FN:4,(anonymous_0)
FN:13,(anonymous_1)
FN:21,(anonymous_2)
FN:28,(anonymous_3)
FN:35,(anonymous_4)
FN:39,(anonymous_5)
FN:43,(anonymous_6)
FN:47,(anonymous_7)
FN:59,(anonymous_8)
FNF:9
FNH:0
FNDA:0,(anonymous_0)
FNDA:0,(anonymous_1)
FNDA:0,(anonymous_2)
FNDA:0,(anonymous_3)
FNDA:0,(anonymous_4)
FNDA:0,(anonymous_5)
FNDA:0,(anonymous_6)
FNDA:0,(anonymous_7)
FNDA:0,(anonymous_8)
DA:1,0
DA:4,0
DA:13,0
DA:21,0
DA:28,0
DA:35,0
DA:39,0
DA:43,0
DA:47,0
DA:56,0
DA:57,0
DA:59,0
LF:12
LH:0
BRDA:56,0,0,0
BRDA:56,0,1,0
BRF:2
BRH:0
end_of_record
TN:
SF:/Users/ismith1/Repositories/fantasy-notes/client/src/store/index.js
FN:9,(anonymous_0)
FNF:1
FNH:0
FNDA:0,(anonymous_0)
DA:7,0
DA:10,0
DA:19,0
LF:3
LH:0
BRF:0
BRH:0
end_of_record
TN:
SF:/Users/ismith1/Repositories/fantasy-notes/client/src/store/story/actions.js
FN:3,loadStories
FNF:1
FNH:0
FNDA:0,loadStories
DA:4,0
DA:5,0
LF:2
LH:0
BRF:0
BRH:0
end_of_record
TN:
SF:/Users/ismith1/Repositories/fantasy-notes/client/src/store/story/getters.js
FN:1,profileId
FNF:1
FNH:0
FNDA:0,profileId
DA:2,0
LF:1
LH:0
BRF:0
BRH:0
end_of_record
TN:
SF:/Users/ismith1/Repositories/fantasy-notes/client/src/store/story/index.js
FNF:0
FNH:0
LF:0
LH:0
BRF:0
BRH:0
end_of_record
TN:
SF:/Users/ismith1/Repositories/fantasy-notes/client/src/store/story/mutations.js
FN:1,setProfileId
FNF:1
FNH:0
FNDA:0,setProfileId
DA:2,0
LF:1
LH:0
BRF:0
BRH:0
end_of_record
TN:
SF:/Users/ismith1/Repositories/fantasy-notes/client/src/store/story/state.js
FNF:0
FNH:0
LF:0
LH:0
BRF:0
BRH:0
end_of_record
TN:
SF:/Users/ismith1/Repositories/fantasy-notes/client/src/store/user/actions.js
FN:9,loginUser
FN:15,(anonymous_1)
FN:27,(anonymous_2)
FN:30,(anonymous_3)
FN:35,(anonymous_4)
FN:39,(anonymous_5)
FN:48,logoutUser
FNF:7
FNH:0
FNDA:0,loginUser
FNDA:0,(anonymous_1)
FNDA:0,(anonymous_2)
FNDA:0,(anonymous_3)
FNDA:0,(anonymous_4)
FNDA:0,(anonymous_5)
FNDA:0,logoutUser
DA:10,0
DA:11,0
DA:12,0
DA:16,0
DA:17,0
DA:19,0
DA:24,0
DA:28,0
DA:31,0
DA:37,0
DA:40,0
DA:49,0
DA:50,0
LF:13
LH:0
BRDA:16,0,0,0
BRDA:16,0,1,0
BRF:2
BRH:0
end_of_record
TN:
SF:/Users/ismith1/Repositories/fantasy-notes/client/src/store/user/getters.js
FN:1,isUserAuthenticated
FNF:1
FNH:0
FNDA:0,isUserAuthenticated
DA:2,0
LF:1
LH:0
BRF:0
BRH:0
end_of_record
TN:
SF:/Users/ismith1/Repositories/fantasy-notes/client/src/store/user/index.js
FNF:0
FNH:0
LF:0
LH:0
BRF:0
BRH:0
end_of_record
TN:
SF:/Users/ismith1/Repositories/fantasy-notes/client/src/store/user/mutations.js
FN:1,setUserAuth
FN:6,setUserStories
FNF:2
FNH:0
FNDA:0,setUserAuth
FNDA:0,setUserStories
DA:2,0
DA:3,0
DA:7,0
DA:8,0
LF:4
LH:0
BRDA:3,0,0,0
BRDA:3,0,1,0
BRF:2
BRH:0
end_of_record
TN:
SF:/Users/ismith1/Repositories/fantasy-notes/client/src/store/user/state.js
FNF:0
FNH:0
LF:0
LH:0
BRF:0
BRH:0
end_of_record
