TN:
SF:/Users/ismith1/Repositories/fantasy-notes/client/src/boot/firebase.js
FN:20,(anonymous_0)
FN:24,(anonymous_1)
FN:27,(anonymous_2)
FNF:3
FNH:0
FNDA:0,(anonymous_0)
FNDA:0,(anonymous_1)
FNDA:0,(anonymous_2)
DA:5,0
DA:15,0
DA:17,0
DA:18,0
DA:21,0
DA:22,0
DA:24,0
DA:25,0
DA:28,0
DA:29,0
DA:30,0
LF:11
LH:0
BRF:0
BRH:0
end_of_record
TN:
SF:/Users/ismith1/Repositories/fantasy-notes/client/src/mixins/loading.js
FN:5,(anonymous_0)
FN:30,(anonymous_1)
FN:44,(anonymous_2)
FNF:3
FNH:3
FNDA:5,(anonymous_0)
FNDA:7,(anonymous_1)
FNDA:5,(anonymous_2)
DA:12,5
DA:16,5
DA:23,5
DA:27,5
DA:29,5
DA:30,5
DA:31,7
DA:32,3
DA:35,7
DA:39,7
DA:40,7
DA:44,5
DA:45,5
LF:13
LH:13
BRDA:6,0,0,1
BRDA:7,1,0,1
BRDA:8,2,0,5
BRDA:9,3,0,2
BRDA:10,4,0,0
BRDA:12,5,0,0
BRDA:12,5,1,5
BRDA:31,6,0,3
BRDA:31,6,1,4
BRDA:35,7,0,0
BRDA:35,7,1,7
BRF:11
BRH:8
end_of_record
TN:
SF:/Users/ismith1/Repositories/fantasy-notes/client/src/store/user/actions.js
FN:9,loginUser
FN:15,(anonymous_1)
FN:27,(anonymous_2)
FN:30,(anonymous_3)
FN:35,(anonymous_4)
FN:39,(anonymous_5)
FN:48,logoutUser
FNF:7
FNH:0
FNDA:0,loginUser
FNDA:0,(anonymous_1)
FNDA:0,(anonymous_2)
FNDA:0,(anonymous_3)
FNDA:0,(anonymous_4)
FNDA:0,(anonymous_5)
FNDA:0,logoutUser
DA:10,0
DA:11,0
DA:12,0
DA:16,0
DA:17,0
DA:19,0
DA:24,0
DA:28,0
DA:31,0
DA:37,0
DA:40,0
DA:49,0
DA:50,0
LF:13
LH:0
BRDA:16,0,0,0
BRDA:16,0,1,0
BRF:2
BRH:0
end_of_record
TN:
SF:/Users/ismith1/Repositories/fantasy-notes/client/src/store/user/mutations.js
FN:1,setUserAuth
FN:6,setUserStories
FNF:2
FNH:0
FNDA:0,setUserAuth
FNDA:0,setUserStories
DA:2,0
DA:3,0
DA:7,0
DA:8,0
LF:4
LH:0
BRDA:3,0,0,0
BRDA:3,0,1,0
BRF:2
BRH:0
end_of_record
TN:
SF:/Users/ismith1/Repositories/fantasy-notes/client/src/store/user/state.js
FNF:0
FNH:0
LF:0
LH:0
BRF:0
BRH:0
end_of_record
